<?xml version="1.0" encoding="UTF-8"?>
<!-- Generated by org.testng.reporters.JUnitXMLReporter -->
<testsuite hostname="TYSS-ELF-Manjunath" ignored="0" name="Test" tests="1" failures="1" timestamp="01 Feb 2020 08:51:20 GMT" time="6.948" errors="0">
  <testcase name="createProductTest" time="0.0" classname="com.vTigerMaven.CreateProductTest">
    <failure type="org.testng.TestNGException" message="
Cannot inject @Test annotated Method [createProductTest] with [class java.lang.String, class java.lang.String, class java.lang.String, class java.lang.String, class java.lang.String].
For more information on native dependency injection please refer to http://testng.org/doc/documentation-main.html#native-dependency-injection">
      <![CDATA[org.testng.TestNGException: 
Cannot inject @Test annotated Method [createProductTest] with [class java.lang.String, class java.lang.String, class java.lang.String, class java.lang.String, class java.lang.String].
For more information on native dependency injection please refer to http://testng.org/doc/documentation-main.html#native-dependency-injection
... Removed 24 stack frames]]>
    </failure>
  </testcase> <!-- createProductTest -->
</testsuite> <!-- Test -->
